<?xml version="1.0" encoding="UTF-8"?>
<!-- Generated by org.testng.reporters.JUnitReportReporter -->
<testsuite hostname="AnilKumar" failures="0" tests="1" name="HomePageTest" time="4.727" errors="0" timestamp="2024-07-03T21:07:22 IST" skipped="0">
  <testcase classname="HomePageTest" name="testingHomePage" time="4.727"/>
</testsuite> <!-- HomePageTest -->
