<?xml version="1.0" encoding="UTF-8"?>
<!-- Generated by org.testng.reporters.JUnitReportReporter -->
<testsuite hostname="AnilKumar" failures="0" tests="1" name="SearchPageTest" time="5.445" errors="0" timestamp="2024-07-03T21:07:22 IST" skipped="0">
  <testcase classname="SearchPageTest" name="testingSearchFunctionality" time="5.445"/>
</testsuite> <!-- SearchPageTest -->
