<?xml version="1.0" encoding="UTF-8"?>
<!-- Generated by org.testng.reporters.JUnitReportReporter -->
<testsuite hostname="AnilKumar" failures="0" tests="1" name="MovieDetailsPageTest" time="2.847" errors="0" timestamp="2024-07-03T21:07:22 IST" skipped="0">
  <testcase classname="MovieDetailsPageTest" name="testingMovieDetailsPage" time="2.847"/>
</testsuite> <!-- MovieDetailsPageTest -->
