<?xml version="1.0" encoding="UTF-8"?>
<!-- Generated by org.testng.reporters.JUnitReportReporter -->
<testsuite hostname="AnilKumar" failures="0" tests="6" name="LoginPageTest" time="19.402" errors="0" timestamp="2024-07-03T21:07:22 IST" skipped="0">
  <testcase classname="LoginPageTest" name="testingMainPageUI" time="2.723"/>
  <testcase classname="LoginPageTest" name="testingEmtyInputs" time="3.085"/>
  <testcase classname="LoginPageTest" name="testingWithEmptyUserName" time="3.135"/>
  <testcase classname="LoginPageTest" name="testingWithEmptyPassword" time="3.213"/>
  <testcase classname="LoginPageTest" name="testingWithInvalidCred" time="4.354"/>
  <testcase classname="LoginPageTest" name="testingWithValidCred" time="2.892"/>
</testsuite> <!-- LoginPageTest -->
