<?xml version="1.0" encoding="UTF-8"?>
<!-- Generated by org.testng.reporters.JUnitReportReporter -->
<testsuite hostname="AnilKumar" failures="0" tests="1" name="AccountPageTest" time="3.544" errors="0" timestamp="2024-07-03T21:07:22 IST" skipped="0">
  <testcase classname="AccountPageTest" name="testingAccountPage" time="3.544"/>
</testsuite> <!-- AccountPageTest -->
