<?xml version="1.0" encoding="UTF-8"?>
<!-- Generated by org.testng.reporters.JUnitReportReporter -->
<testsuite hostname="AnilKumar" failures="0" tests="1" name="PopularPageTest" time="4.433" errors="0" timestamp="2024-07-03T21:07:22 IST" skipped="0">
  <testcase classname="PopularPageTest" name="testingPopularPageUI" time="4.433"/>
</testsuite> <!-- PopularPageTest -->
