<?xml version="1.0" encoding="UTF-8"?>
<!-- Generated by org.testng.reporters.JUnitReportReporter -->
<testsuite hostname="AnilKumar" failures="0" tests="2" name="HeaderSectionTest" time="6.719" errors="0" timestamp="2024-07-03T21:07:22 IST" skipped="0">
  <testcase classname="HeaderSectionTest" name="headerSectionUI" time="3.352"/>
  <testcase classname="HeaderSectionTest" name="headerSectionFunctionalities" time="3.367"/>
</testsuite> <!-- HeaderSectionTest -->
